<?xml version="1.0" encoding="UTF-8"?>
<!-- Generated by org.testng.reporters.JUnitReportReporter -->
<testsuite hostname="G" failures="0" tests="1" name="testpackage.TestNeostox" time="23.223" errors="0" timestamp="2022-12-02T22:51:35 IST" skipped="0">
  <testcase classname="testpackage.TestNeostox" name="validateUserName" time="23.223"/>
  <system-out>
    <![CDATA[getting user Name
reading value of un from property file
getting user Name
taking screenshot ]]>
  </system-out>
</testsuite> <!-- testpackage.TestNeostox -->
